<?xml version="1.0" encoding="UTF-8"?>
<!-- Generated by org.testng.reporters.JUnitReportReporter -->
<testsuite hostname="DESKTOP-95OB4JQ" failures="0" tests="3" name="com.hrm.pim.PIM_01_Employee" time="11.205" errors="0" timestamp="2024-05-28T18:39:01 ICT" skipped="0">
  <testcase classname="com.hrm.pim.PIM_01_Employee" name="Employee_01_Add_New" time="3.873"/>
  <testcase classname="com.hrm.pim.PIM_01_Employee" name="Employee_01_Add_New" time="3.646"/>
  <testcase classname="com.hrm.pim.PIM_01_Employee" name="Employee_01_Add_New" time="3.686"/>
</testsuite> <!-- com.hrm.pim.PIM_01_Employee -->
