<?xml version="1.0" encoding="UTF-8"?>
<!-- Generated by org.testng.reporters.JUnitReportReporter -->
<testsuite hostname="DESKTOP-95OB4JQ" failures="0" tests="33" name="com.hrm.pim.PIM_01_Employee" time="0.090" errors="0" timestamp="2024-05-28T18:14:29 ICT" skipped="0">
  <testcase classname="com.hrm.pim.PIM_01_Employee" name="Employee_02_Personal_Details" time="0.005"/>
  <testcase classname="com.hrm.pim.PIM_01_Employee" name="Employee_01_Add_New" time="0.001"/>
  <testcase classname="com.hrm.pim.PIM_01_Employee" name="Employee_01_Add_New" time="0.001"/>
  <testcase classname="com.hrm.pim.PIM_01_Employee" name="Employee_10_Qualification" time="0.001"/>
  <testcase classname="com.hrm.pim.PIM_01_Employee" name="Employee_09_Report_To" time="0.001"/>
  <testcase classname="com.hrm.pim.PIM_01_Employee" name="Employee_08_Salary" time="0.005"/>
  <testcase classname="com.hrm.pim.PIM_01_Employee" name="Employee_02_Personal_Details" time="0.001"/>
  <testcase classname="com.hrm.pim.PIM_01_Employee" name="Employee_01_Add_New" time="0.012"/>
  <testcase classname="com.hrm.pim.PIM_01_Employee" name="Employee_09_Report_To" time="0.001"/>
  <testcase classname="com.hrm.pim.PIM_01_Employee" name="Employee_11_Membership" time="0.004"/>
  <testcase classname="com.hrm.pim.PIM_01_Employee" name="Employee_08_Salary" time="0.001"/>
  <testcase classname="com.hrm.pim.PIM_01_Employee" name="Employee_11_Membership" time="0.003"/>
  <testcase classname="com.hrm.pim.PIM_01_Employee" name="Employee_06_Immagration" time="0.002"/>
  <testcase classname="com.hrm.pim.PIM_01_Employee" name="Employee_10_Qualification" time="0.003"/>
  <testcase classname="com.hrm.pim.PIM_01_Employee" name="Employee_06_Immagration" time="0.001"/>
  <testcase classname="com.hrm.pim.PIM_01_Employee" name="Employee_03_Contact_Details" time="0.003"/>
  <testcase classname="com.hrm.pim.PIM_01_Employee" name="Employee_10_Qualification" time="0.001"/>
  <testcase classname="com.hrm.pim.PIM_01_Employee" name="Employee_09_Report_To" time="0.001"/>
  <testcase classname="com.hrm.pim.PIM_01_Employee" name="Employee_08_Salary" time="0.001"/>
  <testcase classname="com.hrm.pim.PIM_01_Employee" name="Employee_02_Personal_Details" time="0.004"/>
  <testcase classname="com.hrm.pim.PIM_01_Employee" name="Employee_06_Immagration" time="0.001"/>
  <testcase classname="com.hrm.pim.PIM_01_Employee" name="Employee_07_Job" time="0.010"/>
  <testcase classname="com.hrm.pim.PIM_01_Employee" name="Employee_04_Emergency_Contact" time="0.001"/>
  <testcase classname="com.hrm.pim.PIM_01_Employee" name="Employee_07_Job" time="0.001"/>
  <testcase classname="com.hrm.pim.PIM_01_Employee" name="Employee_11_Membership" time="0.001"/>
  <testcase classname="com.hrm.pim.PIM_01_Employee" name="Employee_04_Emergency_Contact" time="0.002"/>
  <testcase classname="com.hrm.pim.PIM_01_Employee" name="Employee_05_Dependents" time="0.001"/>
  <testcase classname="com.hrm.pim.PIM_01_Employee" name="Employee_05_Dependents" time="0.002"/>
  <testcase classname="com.hrm.pim.PIM_01_Employee" name="Employee_03_Contact_Details" time="0.004"/>
  <testcase classname="com.hrm.pim.PIM_01_Employee" name="Employee_04_Emergency_Contact" time="0.007"/>
  <testcase classname="com.hrm.pim.PIM_01_Employee" name="Employee_05_Dependents" time="0.004"/>
  <testcase classname="com.hrm.pim.PIM_01_Employee" name="Employee_03_Contact_Details" time="0.002"/>
  <testcase classname="com.hrm.pim.PIM_01_Employee" name="Employee_07_Job" time="0.002"/>
</testsuite> <!-- com.hrm.pim.PIM_01_Employee -->
