<?xml version="1.0" encoding="UTF-8"?>
<!-- Generated by org.testng.reporters.JUnitReportReporter -->
<testsuite hostname="DESKTOP-95OB4JQ" failures="0" tests="2" name="com.hrm.admin.Admin_01_Job_Titles" time="6.888" errors="0" timestamp="2024-06-30T19:43:40 ICT" skipped="0">
  <testcase classname="com.hrm.admin.Admin_01_Job_Titles" name="Employee_01_Add_New" time="3.268"/>
  <testcase classname="com.hrm.admin.Admin_01_Job_Titles" name="Employee_01_Add_New" time="3.620"/>
</testsuite> <!-- com.hrm.admin.Admin_01_Job_Titles -->
