<?xml version="1.0" encoding="UTF-8"?>
<!-- Generated by org.testng.reporters.JUnitReportReporter -->
<testsuite hostname="DESKTOP-95OB4JQ" failures="0" tests="1" name="com.hrm.admin.Login" time="0.247" errors="0" timestamp="2024-04-13T14:47:25 ICT" skipped="0">
  <testcase classname="com.hrm.admin.Login" name="TC_01_abc" time="0.247"/>
</testsuite> <!-- com.hrm.admin.Login -->
